# JRE version: Java(TM) SE Runtime Environment (8.0_101-b13) (build 1.8.0_101-b13)
# Java VM: Java HotSpot(TM) 64-Bit Server VM (25.101-b13 mixed mode linux-amd64 compressed oops)
Heap:
 garbage-first heap   total 262144K, used 90112K [0x00000000c0000000, 0x00000000c0100800, 0x0000000100000000)
  region size 1024K, 52 young (53248K), 20 survivors (20480K)
 Metaspace       used 62858K, capacity 68550K, committed 68688K, reserved 1107968K
  class space    used 7630K, capacity 9320K, committed 9364K, reserved 1048576K
GC Heap History (10 events):
Event: 0,806 GC heap before
{Heap before GC invocations=1 (full 0):
 garbage-first heap   total 262144K, used 21358K [0x00000000c0000000, 0x00000000c0100800, 0x0000000100000000)
  region size 1024K, 14 young (14336K), 3 survivors (3072K)
 Metaspace       used 8498K, capacity 8716K, committed 8960K, reserved 1056768K
  class space    used 889K, capacity 930K, committed 1024K, reserved 1048576K
Event: 0,836 GC heap after
Heap after GC invocations=2 (full 0):
 garbage-first heap   total 262144K, used 15360K [0x00000000c0000000, 0x00000000c0100800, 0x0000000100000000)
  region size 1024K, 2 young (2048K), 2 survivors (2048K)
 Metaspace       used 8498K, capacity 8716K, committed 8960K, reserved 1056768K
  class space    used 889K, capacity 930K, committed 1024K, reserved 1048576K
}
Event: 1,431 GC heap before
{Heap before GC invocations=2 (full 0):
 garbage-first heap   total 262144K, used 39936K [0x00000000c0000000, 0x00000000c0100800, 0x0000000100000000)
  region size 1024K, 26 young (26624K), 2 survivors (2048K)
 Metaspace       used 15452K, capacity 17172K, committed 17536K, reserved 1064960K
  class space    used 1639K, capacity 2084K, committed 2176K, reserved 1048576K
Event: 1,449 GC heap after
Heap after GC invocations=3 (full 0):
 garbage-first heap   total 262144K, used 20992K [0x00000000c0000000, 0x00000000c0100800, 0x0000000100000000)
  region size 1024K, 4 young (4096K), 4 survivors (4096K)
 Metaspace       used 15452K, capacity 17172K, committed 17536K, reserved 1064960K
  class space    used 1639K, capacity 2084K, committed 2176K, reserved 1048576K
}
Event: 2,197 GC heap before
{Heap before GC invocations=3 (full 0):
 garbage-first heap   total 262144K, used 72715K [0x00000000c0000000, 0x00000000c0100800, 0x0000000100000000)
  region size 1024K, 23 young (23552K), 4 survivors (4096K)
 Metaspace       used 19173K, capacity 21082K, committed 21248K, reserved 1069056K
  class space    used 1980K, capacity 2464K, committed 2560K, reserved 1048576K
Event: 2,213 GC heap after
Heap after GC invocations=4 (full 0):
 garbage-first heap   total 262144K, used 24397K [0x00000000c0000000, 0x00000000c0100800, 0x0000000100000000)
  region size 1024K, 8 young (8192K), 8 survivors (8192K)
 Metaspace       used 19173K, capacity 21082K, committed 21248K, reserved 1069056K
  class space    used 1980K, capacity 2464K, committed 2560K, reserved 1048576K
}
Event: 6,669 GC heap before
{Heap before GC invocations=5 (full 0):
 garbage-first heap   total 262144K, used 82786K [0x00000000c0000000, 0x00000000c0100800, 0x0000000100000000)
  region size 1024K, 70 young (71680K), 8 survivors (8192K)
 Metaspace       used 32741K, capacity 35936K, committed 36048K, reserved 1081344K
  class space    used 3909K, capacity 4835K, committed 4860K, reserved 1048576K
Event: 6,693 GC heap after
Heap after GC invocations=6 (full 0):
 garbage-first heap   total 262144K, used 36542K [0x00000000c0000000, 0x00000000c0100800, 0x0000000100000000)
  region size 1024K, 16 young (16384K), 16 survivors (16384K)
 Metaspace       used 32741K, capacity 35936K, committed 36048K, reserved 1081344K
  class space    used 3909K, capacity 4835K, committed 4860K, reserved 1048576K
}
Event: 9,071 GC heap before
{Heap before GC invocations=7 (full 0):
 garbage-first heap   total 262144K, used 144574K [0x00000000c0000000, 0x00000000c0100800, 0x0000000100000000)
  region size 1024K, 122 young (124928K), 16 survivors (16384K)
 Metaspace       used 55897K, capacity 60972K, committed 61060K, reserved 1101824K
  class space    used 6757K, capacity 8374K, committed 8392K, reserved 1048576K
Event: 9,120 GC heap after
Heap after GC invocations=8 (full 0):
 garbage-first heap   total 262144K, used 66560K [0x00000000c0000000, 0x00000000c0100800, 0x0000000100000000)
  region size 1024K, 20 young (20480K), 20 survivors (20480K)
 Metaspace       used 55897K, capacity 60972K, committed 61060K, reserved 1101824K
  class space    used 6757K, capacity 8374K, committed 8392K, reserved 1048576K
}

