# JRE version: Java(TM) SE Runtime Environment (8.0_101-b13) (build 1.8.0_101-b13)
# Java VM: Java HotSpot(TM) 64-Bit Server VM (25.101-b13 mixed mode linux-amd64 compressed oops)
Heap:
 garbage-first heap   total 262144K, used 89197K [0x00000000c0000000, 0x00000000c0100800, 0x0000000100000000)
  region size 1024K, 52 young (53248K), 20 survivors (20480K)
 Metaspace       used 62879K, capacity 68586K, committed 68764K, reserved 1107968K
  class space    used 7631K, capacity 9352K, committed 9420K, reserved 1048576K
GC Heap History (10 events):
Event: 0,643 GC heap before
{Heap before GC invocations=1 (full 0):
 garbage-first heap   total 262144K, used 19304K [0x00000000c0000000, 0x00000000c0100800, 0x0000000100000000)
  region size 1024K, 12 young (12288K), 3 survivors (3072K)
 Metaspace       used 8473K, capacity 8656K, committed 8960K, reserved 1056768K
  class space    used 889K, capacity 930K, committed 1024K, reserved 1048576K
Event: 0,653 GC heap after
Heap after GC invocations=2 (full 0):
 garbage-first heap   total 262144K, used 14848K [0x00000000c0000000, 0x00000000c0100800, 0x0000000100000000)
  region size 1024K, 2 young (2048K), 2 survivors (2048K)
 Metaspace       used 8473K, capacity 8656K, committed 8960K, reserved 1056768K
  class space    used 889K, capacity 930K, committed 1024K, reserved 1048576K
}
Event: 1,244 GC heap before
{Heap before GC invocations=2 (full 0):
 garbage-first heap   total 262144K, used 40448K [0x00000000c0000000, 0x00000000c0100800, 0x0000000100000000)
  region size 1024K, 27 young (27648K), 2 survivors (2048K)
 Metaspace       used 14499K, capacity 16196K, committed 16384K, reserved 1062912K
  class space    used 1542K, capacity 1962K, committed 2048K, reserved 1048576K
Event: 1,252 GC heap after
Heap after GC invocations=3 (full 0):
 garbage-first heap   total 262144K, used 19968K [0x00000000c0000000, 0x00000000c0100800, 0x0000000100000000)
  region size 1024K, 4 young (4096K), 4 survivors (4096K)
 Metaspace       used 14499K, capacity 16196K, committed 16384K, reserved 1062912K
  class space    used 1542K, capacity 1962K, committed 2048K, reserved 1048576K
}
Event: 2,206 GC heap before
{Heap before GC invocations=3 (full 0):
 garbage-first heap   total 262144K, used 81643K [0x00000000c0000000, 0x00000000c0100800, 0x0000000100000000)
  region size 1024K, 27 young (27648K), 4 survivors (4096K)
 Metaspace       used 19151K, capacity 21122K, committed 21296K, reserved 1069056K
  class space    used 1956K, capacity 2432K, committed 2432K, reserved 1048576K
Event: 2,213 GC heap after
Heap after GC invocations=4 (full 0):
 garbage-first heap   total 262144K, used 23370K [0x00000000c0000000, 0x00000000c0100800, 0x0000000100000000)
  region size 1024K, 8 young (8192K), 8 survivors (8192K)
 Metaspace       used 19151K, capacity 21122K, committed 21296K, reserved 1069056K
  class space    used 1956K, capacity 2432K, committed 2432K, reserved 1048576K
}
Event: 6,154 GC heap before
{Heap before GC invocations=5 (full 0):
 garbage-first heap   total 262144K, used 80735K [0x00000000c0000000, 0x00000000c0100800, 0x0000000100000000)
  region size 1024K, 69 young (70656K), 8 survivors (8192K)
 Metaspace       used 32753K, capacity 35940K, committed 36048K, reserved 1081344K
  class space    used 3911K, capacity 4835K, committed 4864K, reserved 1048576K
Event: 6,193 GC heap after
Heap after GC invocations=6 (full 0):
 garbage-first heap   total 262144K, used 35560K [0x00000000c0000000, 0x00000000c0100800, 0x0000000100000000)
  region size 1024K, 20 young (20480K), 20 survivors (20480K)
 Metaspace       used 32753K, capacity 35940K, committed 36048K, reserved 1081344K
  class space    used 3911K, capacity 4835K, committed 4864K, reserved 1048576K
}
Event: 8,909 GC heap before
{Heap before GC invocations=7 (full 0):
 garbage-first heap   total 262144K, used 143592K [0x00000000c0000000, 0x00000000c0100800, 0x0000000100000000)
  region size 1024K, 126 young (129024K), 20 survivors (20480K)
 Metaspace       used 55916K, capacity 60976K, committed 61060K, reserved 1101824K
  class space    used 6755K, capacity 8374K, committed 8396K, reserved 1048576K
Event: 8,954 GC heap after
Heap after GC invocations=8 (full 0):
 garbage-first heap   total 262144K, used 61549K [0x00000000c0000000, 0x00000000c0100800, 0x0000000100000000)
  region size 1024K, 20 young (20480K), 20 survivors (20480K)
 Metaspace       used 55916K, capacity 60976K, committed 61060K, reserved 1101824K
  class space    used 6755K, capacity 8374K, committed 8396K, reserved 1048576K
}

