# JRE version: Java(TM) SE Runtime Environment (8.0_101-b13) (build 1.8.0_101-b13)
# Java VM: Java HotSpot(TM) 64-Bit Server VM (25.101-b13 mixed mode linux-amd64 compressed oops)
Heap:
 PSYoungGen      total 59904K, used 21485K [0x00000000d6a00000, 0x00000000daa80000, 0x0000000100000000)
  eden space 54784K, 29% used [0x00000000d6a00000,0x00000000d7a032b0,0x00000000d9f80000)
  from space 5120K, 99% used [0x00000000da580000,0x00000000daa78538,0x00000000daa80000)
  to   space 5120K, 0% used [0x00000000da080000,0x00000000da080000,0x00000000da580000)
 ParOldGen       total 51712K, used 7607K [0x0000000083e00000, 0x0000000087080000, 0x00000000d6a00000)
  object space 51712K, 14% used [0x0000000083e00000,0x000000008456deb0,0x0000000087080000)
 Metaspace       used 29128K, capacity 29473K, committed 29696K, reserved 1075200K
  class space    used 3483K, capacity 3556K, committed 3584K, reserved 1048576K
GC Heap History (10 events):
Event: 3,211 GC heap before
{Heap before GC invocations=1 (full 0):
 PSYoungGen      total 37888K, used 32768K [0x00000000d6a00000, 0x00000000d9400000, 0x0000000100000000)
  eden space 32768K, 100% used [0x00000000d6a00000,0x00000000d8a00000,0x00000000d8a00000)
  from space 5120K, 0% used [0x00000000d8f00000,0x00000000d8f00000,0x00000000d9400000)
  to   space 5120K, 0% used [0x00000000d8a00000,0x00000000d8a00000,0x00000000d8f00000)
 ParOldGen       total 86016K, used 0K [0x0000000083e00000, 0x0000000089200000, 0x00000000d6a00000)
  object space 86016K, 0% used [0x0000000083e00000,0x0000000083e00000,0x0000000089200000)
 Metaspace       used 19369K, capacity 19601K, committed 19968K, reserved 1067008K
  class space    used 2224K, capacity 2298K, committed 2304K, reserved 1048576K
Event: 3,220 GC heap after
Heap after GC invocations=1 (full 0):
 PSYoungGen      total 37888K, used 5088K [0x00000000d6a00000, 0x00000000d9400000, 0x0000000100000000)
  eden space 32768K, 0% used [0x00000000d6a00000,0x00000000d6a00000,0x00000000d8a00000)
  from space 5120K, 99% used [0x00000000d8a00000,0x00000000d8ef8030,0x00000000d8f00000)
  to   space 5120K, 0% used [0x00000000d8f00000,0x00000000d8f00000,0x00000000d9400000)
 ParOldGen       total 86016K, used 2681K [0x0000000083e00000, 0x0000000089200000, 0x00000000d6a00000)
  object space 86016K, 3% used [0x0000000083e00000,0x000000008409e730,0x0000000089200000)
 Metaspace       used 19369K, capacity 19601K, committed 19968K, reserved 1067008K
  class space    used 2224K, capacity 2298K, committed 2304K, reserved 1048576K
}
Event: 3,330 GC heap before
{Heap before GC invocations=2 (full 0):
 PSYoungGen      total 37888K, used 12801K [0x00000000d6a00000, 0x00000000d9400000, 0x0000000100000000)
  eden space 32768K, 23% used [0x00000000d6a00000,0x00000000d7188490,0x00000000d8a00000)
  from space 5120K, 99% used [0x00000000d8a00000,0x00000000d8ef8030,0x00000000d8f00000)
  to   space 5120K, 0% used [0x00000000d8f00000,0x00000000d8f00000,0x00000000d9400000)
 ParOldGen       total 86016K, used 2681K [0x0000000083e00000, 0x0000000089200000, 0x00000000d6a00000)
  object space 86016K, 3% used [0x0000000083e00000,0x000000008409e730,0x0000000089200000)
 Metaspace       used 20762K, capacity 21009K, committed 21296K, reserved 1069056K
  class space    used 2358K, capacity 2426K, committed 2432K, reserved 1048576K
Event: 3,335 GC heap after
Heap after GC invocations=2 (full 0):
 PSYoungGen      total 37888K, used 5100K [0x00000000d6a00000, 0x00000000db400000, 0x0000000100000000)
  eden space 32768K, 0% used [0x00000000d6a00000,0x00000000d6a00000,0x00000000d8a00000)
  from space 5120K, 99% used [0x00000000d8f00000,0x00000000d93fb260,0x00000000d9400000)
  to   space 5120K, 0% used [0x00000000d8a00000,0x00000000d8a00000,0x00000000d8f00000)
 ParOldGen       total 86016K, used 3599K [0x0000000083e00000, 0x0000000089200000, 0x00000000d6a00000)
  object space 86016K, 4% used [0x0000000083e00000,0x0000000084183c80,0x0000000089200000)
 Metaspace       used 20762K, capacity 21009K, committed 21296K, reserved 1069056K
  class space    used 2358K, capacity 2426K, committed 2432K, reserved 1048576K
}
Event: 3,335 GC heap before
{Heap before GC invocations=3 (full 1):
 PSYoungGen      total 37888K, used 5100K [0x00000000d6a00000, 0x00000000db400000, 0x0000000100000000)
  eden space 32768K, 0% used [0x00000000d6a00000,0x00000000d6a00000,0x00000000d8a00000)
  from space 5120K, 99% used [0x00000000d8f00000,0x00000000d93fb260,0x00000000d9400000)
  to   space 5120K, 0% used [0x00000000d8a00000,0x00000000d8a00000,0x00000000d8f00000)
 ParOldGen       total 86016K, used 3599K [0x0000000083e00000, 0x0000000089200000, 0x00000000d6a00000)
  object space 86016K, 4% used [0x0000000083e00000,0x0000000084183c80,0x0000000089200000)
 Metaspace       used 20762K, capacity 21009K, committed 21296K, reserved 1069056K
  class space    used 2358K, capacity 2426K, committed 2432K, reserved 1048576K
Event: 3,363 GC heap after
Heap after GC invocations=3 (full 1):
 PSYoungGen      total 37888K, used 0K [0x00000000d6a00000, 0x00000000db400000, 0x0000000100000000)
  eden space 32768K, 0% used [0x00000000d6a00000,0x00000000d6a00000,0x00000000d8a00000)
  from space 5120K, 0% used [0x00000000d8f00000,0x00000000d8f00000,0x00000000d9400000)
  to   space 5120K, 0% used [0x00000000d8a00000,0x00000000d8a00000,0x00000000d8f00000)
 ParOldGen       total 51712K, used 6667K [0x0000000083e00000, 0x0000000087080000, 0x00000000d6a00000)
  object space 51712K, 12% used [0x0000000083e00000,0x0000000084482d08,0x0000000087080000)
 Metaspace       used 20762K, capacity 21009K, committed 21296K, reserved 1069056K
  class space    used 2358K, capacity 2426K, committed 2432K, reserved 1048576K
}
Event: 3,743 GC heap before
{Heap before GC invocations=4 (full 1):
 PSYoungGen      total 37888K, used 32768K [0x00000000d6a00000, 0x00000000db400000, 0x0000000100000000)
  eden space 32768K, 100% used [0x00000000d6a00000,0x00000000d8a00000,0x00000000d8a00000)
  from space 5120K, 0% used [0x00000000d8f00000,0x00000000d8f00000,0x00000000d9400000)
  to   space 5120K, 0% used [0x00000000d8a00000,0x00000000d8a00000,0x00000000d8f00000)
 ParOldGen       total 51712K, used 6667K [0x0000000083e00000, 0x0000000087080000, 0x00000000d6a00000)
  object space 51712K, 12% used [0x0000000083e00000,0x0000000084482d08,0x0000000087080000)
 Metaspace       used 23589K, capacity 23863K, committed 24064K, reserved 1071104K
  class space    used 2691K, capacity 2779K, committed 2816K, reserved 1048576K
Event: 3,747 GC heap after
Heap after GC invocations=4 (full 1):
 PSYoungGen      total 37888K, used 3251K [0x00000000d6a00000, 0x00000000daa80000, 0x0000000100000000)
  eden space 32768K, 0% used [0x00000000d6a00000,0x00000000d6a00000,0x00000000d8a00000)
  from space 5120K, 63% used [0x00000000d8a00000,0x00000000d8d2cdf0,0x00000000d8f00000)
  to   space 5120K, 0% used [0x00000000da580000,0x00000000da580000,0x00000000daa80000)
 ParOldGen       total 51712K, used 6675K [0x0000000083e00000, 0x0000000087080000, 0x00000000d6a00000)
  object space 51712K, 12% used [0x0000000083e00000,0x0000000084484d08,0x0000000087080000)
 Metaspace       used 23589K, capacity 23863K, committed 24064K, reserved 1071104K
  class space    used 2691K, capacity 2779K, committed 2816K, reserved 1048576K
}
Event: 4,417 GC heap before
{Heap before GC invocations=5 (full 1):
 PSYoungGen      total 37888K, used 36019K [0x00000000d6a00000, 0x00000000daa80000, 0x0000000100000000)
  eden space 32768K, 100% used [0x00000000d6a00000,0x00000000d8a00000,0x00000000d8a00000)
  from space 5120K, 63% used [0x00000000d8a00000,0x00000000d8d2cdf0,0x00000000d8f00000)
  to   space 5120K, 0% used [0x00000000da580000,0x00000000da580000,0x00000000daa80000)
 ParOldGen       total 51712K, used 6675K [0x0000000083e00000, 0x0000000087080000, 0x00000000d6a00000)
  object space 51712K, 12% used [0x0000000083e00000,0x0000000084484d08,0x0000000087080000)
 Metaspace       used 28386K, capacity 28689K, committed 28928K, reserved 1075200K
  class space    used 3439K, capacity 3532K, committed 3584K, reserved 1048576K
Event: 4,423 GC heap after
Heap after GC invocations=5 (full 1):
 PSYoungGen      total 59904K, used 5089K [0x00000000d6a00000, 0x00000000daa80000, 0x0000000100000000)
  eden space 54784K, 0% used [0x00000000d6a00000,0x00000000d6a00000,0x00000000d9f80000)
  from space 5120K, 99% used [0x00000000da580000,0x00000000daa78538,0x00000000daa80000)
  to   space 5120K, 0% used [0x00000000da080000,0x00000000da080000,0x00000000da580000)
 ParOldGen       total 51712K, used 7607K [0x0000000083e00000, 0x0000000087080000, 0x00000000d6a00000)
  object space 51712K, 14% used [0x0000000083e00000,0x000000008456deb0,0x0000000087080000)
 Metaspace       used 28386K, capacity 28689K, committed 28928K, reserved 1075200K
  class space    used 3439K, capacity 3532K, committed 3584K, reserved 1048576K
}

